01-03-2020 14:26:49.958 [main] INFO  ma.munisys.EtatLvSvcApplication.logStarting - Starting EtatLvSvcApplication on BAGDAD with PID 6616 (C:\Users\MREPSVC\Downloads\etatLv-svc\target\classes started by MREPSVC in C:\Users\MREPSVC\Downloads\etatLv-svc)
01-03-2020 14:26:49.965 [main] INFO  ma.munisys.EtatLvSvcApplication.logStartupProfileInfo - No active profile set, falling back to default profiles: default
01-03-2020 14:26:52.315 [main] INFO  o.s.d.r.c.RepositoryConfigurationDelegate.registerRepositoriesIn - Bootstrapping Spring Data repositories in DEFAULT mode.
01-03-2020 14:26:52.795 [main] INFO  o.s.d.r.c.RepositoryConfigurationDelegate.registerRepositoriesIn - Finished Spring Data repository scanning in 462ms. Found 20 repository interfaces.
01-03-2020 14:26:53.560 [main] INFO  o.s.c.s.PostProcessorRegistrationDelegate$BeanPostProcessorChecker.postProcessAfterInitialization - Bean 'org.springframework.transaction.annotation.ProxyTransactionManagementConfiguration' of type [org.springframework.transaction.annotation.ProxyTransactionManagementConfiguration$$EnhancerBySpringCGLIB$$d19524fd] is not eligible for getting processed by all BeanPostProcessors (for example: not eligible for auto-proxying)
01-03-2020 14:26:53.597 [main] INFO  o.s.c.s.PostProcessorRegistrationDelegate$BeanPostProcessorChecker.postProcessAfterInitialization - Bean 'org.springframework.hateoas.config.HateoasConfiguration' of type [org.springframework.hateoas.config.HateoasConfiguration$$EnhancerBySpringCGLIB$$5115722f] is not eligible for getting processed by all BeanPostProcessors (for example: not eligible for auto-proxying)
01-03-2020 14:26:54.470 [main] INFO  o.s.b.w.e.tomcat.TomcatWebServer.initialize - Tomcat initialized with port(s): 8090 (http)
01-03-2020 14:26:54.542 [main] INFO  o.a.catalina.core.StandardService.log - Starting service [Tomcat]
01-03-2020 14:26:54.545 [main] INFO  o.a.catalina.core.StandardEngine.log - Starting Servlet engine: [Apache Tomcat/9.0.24]
01-03-2020 14:26:54.858 [main] INFO  o.a.c.c.C.[Tomcat].[localhost].[/].log - Initializing Spring embedded WebApplicationContext
01-03-2020 14:26:54.860 [main] INFO  o.s.web.context.ContextLoader.prepareWebApplicationContext - Root WebApplicationContext: initialization completed in 4792 ms
01-03-2020 14:26:55.439 [main] INFO  com.zaxxer.hikari.HikariDataSource.getConnection - HikariPool-1 - Starting...
01-03-2020 14:26:56.101 [main] INFO  com.zaxxer.hikari.HikariDataSource.getConnection - HikariPool-1 - Start completed.
01-03-2020 14:26:56.337 [main] INFO  o.h.jpa.internal.util.LogHelper.logPersistenceUnitInformation - HHH000204: Processing PersistenceUnitInfo [
	name: default
	...]
01-03-2020 14:26:56.489 [main] INFO  org.hibernate.Version.logVersion - HHH000412: Hibernate Core {5.3.11.Final}
01-03-2020 14:26:56.491 [main] INFO  org.hibernate.cfg.Environment.<clinit> - HHH000206: hibernate.properties not found
01-03-2020 14:26:56.734 [main] INFO  o.h.annotations.common.Version.<clinit> - HCANN000001: Hibernate Commons Annotations {5.0.4.Final}
01-03-2020 14:26:57.043 [main] INFO  org.hibernate.dialect.Dialect.<init> - HHH000400: Using dialect: org.hibernate.dialect.SQLServer2008Dialect
01-03-2020 14:27:02.748 [main] INFO  o.s.o.j.LocalContainerEntityManagerFactoryBean.buildNativeEntityManagerFactory - Initialized JPA EntityManagerFactory for persistence unit 'default'
01-03-2020 14:27:03.578 [main] INFO  o.h.h.i.QueryTranslatorFactoryInitiator.initiateService - HHH000397: Using ASTQueryTranslatorFactory
01-03-2020 14:27:04.756 [main] WARN  o.s.b.w.s.c.AnnotationConfigServletWebServerApplicationContext.refresh - Exception encountered during context initialization - cancelling refresh attempt: org.springframework.beans.factory.UnsatisfiedDependencyException: Error creating bean with name 'etatLvSvcApplication': Unsatisfied dependency expressed through field 'factureService'; nested exception is org.springframework.beans.factory.UnsatisfiedDependencyException: Error creating bean with name 'factureImpl': Unsatisfied dependency expressed through field 'factureRepository'; nested exception is org.springframework.beans.factory.BeanCreationException: Error creating bean with name 'factureRepository': Invocation of init method failed; nested exception is java.lang.IllegalArgumentException: Validation failed for query for method public abstract java.lang.Double ma.munisys.dao.FactureRepository.sumAmountContrat(java.lang.Long,int)!
01-03-2020 14:27:04.761 [main] INFO  o.s.o.j.LocalContainerEntityManagerFactoryBean.destroy - Closing JPA EntityManagerFactory for persistence unit 'default'
01-03-2020 14:27:04.765 [main] INFO  com.zaxxer.hikari.HikariDataSource.close - HikariPool-1 - Shutdown initiated...
01-03-2020 14:27:04.771 [main] INFO  com.zaxxer.hikari.HikariDataSource.close - HikariPool-1 - Shutdown completed.
01-03-2020 14:27:04.777 [main] INFO  o.a.catalina.core.StandardService.log - Stopping service [Tomcat]
01-03-2020 14:27:04.798 [main] INFO  o.s.b.a.l.ConditionEvaluationReportLoggingListener.logMessage - 

Error starting ApplicationContext. To display the conditions report re-run your application with 'debug' enabled.
01-03-2020 14:27:04.810 [main] ERROR o.s.boot.SpringApplication.reportFailure - Application run failed
org.springframework.beans.factory.UnsatisfiedDependencyException: Error creating bean with name 'etatLvSvcApplication': Unsatisfied dependency expressed through field 'factureService'; nested exception is org.springframework.beans.factory.UnsatisfiedDependencyException: Error creating bean with name 'factureImpl': Unsatisfied dependency expressed through field 'factureRepository'; nested exception is org.springframework.beans.factory.BeanCreationException: Error creating bean with name 'factureRepository': Invocation of init method failed; nested exception is java.lang.IllegalArgumentException: Validation failed for query for method public abstract java.lang.Double ma.munisys.dao.FactureRepository.sumAmountContrat(java.lang.Long,int)!
	at org.springframework.beans.factory.annotation.AutowiredAnnotationBeanPostProcessor$AutowiredFieldElement.inject(AutowiredAnnotationBeanPostProcessor.java:596)
	at org.springframework.beans.factory.annotation.InjectionMetadata.inject(InjectionMetadata.java:90)
	at org.springframework.beans.factory.annotation.AutowiredAnnotationBeanPostProcessor.postProcessProperties(AutowiredAnnotationBeanPostProcessor.java:374)
	at org.springframework.beans.factory.support.AbstractAutowireCapableBeanFactory.populateBean(AbstractAutowireCapableBeanFactory.java:1411)
	at org.springframework.beans.factory.support.AbstractAutowireCapableBeanFactory.doCreateBean(AbstractAutowireCapableBeanFactory.java:592)
	at org.springframework.beans.factory.support.AbstractAutowireCapableBeanFactory.createBean(AbstractAutowireCapableBeanFactory.java:515)
	at org.springframework.beans.factory.support.AbstractBeanFactory.lambda$doGetBean$0(AbstractBeanFactory.java:320)
	at org.springframework.beans.factory.support.DefaultSingletonBeanRegistry.getSingleton(DefaultSingletonBeanRegistry.java:222)
	at org.springframework.beans.factory.support.AbstractBeanFactory.doGetBean(AbstractBeanFactory.java:318)
	at org.springframework.beans.factory.support.AbstractBeanFactory.getBean(AbstractBeanFactory.java:199)
	at org.springframework.beans.factory.support.DefaultListableBeanFactory.preInstantiateSingletons(DefaultListableBeanFactory.java:845)
	at org.springframework.context.support.AbstractApplicationContext.finishBeanFactoryInitialization(AbstractApplicationContext.java:877)
	at org.springframework.context.support.AbstractApplicationContext.refresh(AbstractApplicationContext.java:549)
	at org.springframework.boot.web.servlet.context.ServletWebServerApplicationContext.refresh(ServletWebServerApplicationContext.java:141)
	at org.springframework.boot.SpringApplication.refresh(SpringApplication.java:744)
	at org.springframework.boot.SpringApplication.refreshContext(SpringApplication.java:391)
	at org.springframework.boot.SpringApplication.run(SpringApplication.java:312)
	at org.springframework.boot.SpringApplication.run(SpringApplication.java:1215)
	at org.springframework.boot.SpringApplication.run(SpringApplication.java:1204)
	at ma.munisys.EtatLvSvcApplication.main(EtatLvSvcApplication.java:119)
Caused by: org.springframework.beans.factory.UnsatisfiedDependencyException: Error creating bean with name 'factureImpl': Unsatisfied dependency expressed through field 'factureRepository'; nested exception is org.springframework.beans.factory.BeanCreationException: Error creating bean with name 'factureRepository': Invocation of init method failed; nested exception is java.lang.IllegalArgumentException: Validation failed for query for method public abstract java.lang.Double ma.munisys.dao.FactureRepository.sumAmountContrat(java.lang.Long,int)!
	at org.springframework.beans.factory.annotation.AutowiredAnnotationBeanPostProcessor$AutowiredFieldElement.inject(AutowiredAnnotationBeanPostProcessor.java:596)
	at org.springframework.beans.factory.annotation.InjectionMetadata.inject(InjectionMetadata.java:90)
	at org.springframework.beans.factory.annotation.AutowiredAnnotationBeanPostProcessor.postProcessProperties(AutowiredAnnotationBeanPostProcessor.java:374)
	at org.springframework.beans.factory.support.AbstractAutowireCapableBeanFactory.populateBean(AbstractAutowireCapableBeanFactory.java:1411)
	at org.springframework.beans.factory.support.AbstractAutowireCapableBeanFactory.doCreateBean(AbstractAutowireCapableBeanFactory.java:592)
	at org.springframework.beans.factory.support.AbstractAutowireCapableBeanFactory.createBean(AbstractAutowireCapableBeanFactory.java:515)
	at org.springframework.beans.factory.support.AbstractBeanFactory.lambda$doGetBean$0(AbstractBeanFactory.java:320)
	at org.springframework.beans.factory.support.DefaultSingletonBeanRegistry.getSingleton(DefaultSingletonBeanRegistry.java:222)
	at org.springframework.beans.factory.support.AbstractBeanFactory.doGetBean(AbstractBeanFactory.java:318)
	at org.springframework.beans.factory.support.AbstractBeanFactory.getBean(AbstractBeanFactory.java:199)
	at org.springframework.beans.factory.config.DependencyDescriptor.resolveCandidate(DependencyDescriptor.java:277)
	at org.springframework.beans.factory.support.DefaultListableBeanFactory.doResolveDependency(DefaultListableBeanFactory.java:1251)
	at org.springframework.beans.factory.support.DefaultListableBeanFactory.resolveDependency(DefaultListableBeanFactory.java:1171)
	at org.springframework.beans.factory.annotation.AutowiredAnnotationBeanPostProcessor$AutowiredFieldElement.inject(AutowiredAnnotationBeanPostProcessor.java:593)
	... 19 common frames omitted
Caused by: org.springframework.beans.factory.BeanCreationException: Error creating bean with name 'factureRepository': Invocation of init method failed; nested exception is java.lang.IllegalArgumentException: Validation failed for query for method public abstract java.lang.Double ma.munisys.dao.FactureRepository.sumAmountContrat(java.lang.Long,int)!
	at org.springframework.beans.factory.support.AbstractAutowireCapableBeanFactory.initializeBean(AbstractAutowireCapableBeanFactory.java:1778)
	at org.springframework.beans.factory.support.AbstractAutowireCapableBeanFactory.doCreateBean(AbstractAutowireCapableBeanFactory.java:593)
	at org.springframework.beans.factory.support.AbstractAutowireCapableBeanFactory.createBean(AbstractAutowireCapableBeanFactory.java:515)
	at org.springframework.beans.factory.support.AbstractBeanFactory.lambda$doGetBean$0(AbstractBeanFactory.java:320)
	at org.springframework.beans.factory.support.DefaultSingletonBeanRegistry.getSingleton(DefaultSingletonBeanRegistry.java:222)
	at org.springframework.beans.factory.support.AbstractBeanFactory.doGetBean(AbstractBeanFactory.java:318)
	at org.springframework.beans.factory.support.AbstractBeanFactory.getBean(AbstractBeanFactory.java:199)
	at org.springframework.beans.factory.config.DependencyDescriptor.resolveCandidate(DependencyDescriptor.java:277)
	at org.springframework.beans.factory.support.DefaultListableBeanFactory.doResolveDependency(DefaultListableBeanFactory.java:1251)
	at org.springframework.beans.factory.support.DefaultListableBeanFactory.resolveDependency(DefaultListableBeanFactory.java:1171)
	at org.springframework.beans.factory.annotation.AutowiredAnnotationBeanPostProcessor$AutowiredFieldElement.inject(AutowiredAnnotationBeanPostProcessor.java:593)
	... 32 common frames omitted
Caused by: java.lang.IllegalArgumentException: Validation failed for query for method public abstract java.lang.Double ma.munisys.dao.FactureRepository.sumAmountContrat(java.lang.Long,int)!
	at org.springframework.data.jpa.repository.query.SimpleJpaQuery.validateQuery(SimpleJpaQuery.java:93)
	at org.springframework.data.jpa.repository.query.SimpleJpaQuery.<init>(SimpleJpaQuery.java:63)
	at org.springframework.data.jpa.repository.query.JpaQueryFactory.fromMethodWithQueryString(JpaQueryFactory.java:76)
	at org.springframework.data.jpa.repository.query.JpaQueryFactory.fromQueryAnnotation(JpaQueryFactory.java:56)
	at org.springframework.data.jpa.repository.query.JpaQueryLookupStrategy$DeclaredQueryLookupStrategy.resolveQuery(JpaQueryLookupStrategy.java:142)
	at org.springframework.data.jpa.repository.query.JpaQueryLookupStrategy$CreateIfNotFoundQueryLookupStrategy.resolveQuery(JpaQueryLookupStrategy.java:209)
	at org.springframework.data.jpa.repository.query.JpaQueryLookupStrategy$AbstractQueryLookupStrategy.resolveQuery(JpaQueryLookupStrategy.java:79)
	at org.springframework.data.repository.core.support.RepositoryFactorySupport$QueryExecutorMethodInterceptor.lookupQuery(RepositoryFactorySupport.java:566)
	at org.springframework.data.repository.core.support.RepositoryFactorySupport$QueryExecutorMethodInterceptor.lambda$mapMethodsToQuery$1(RepositoryFactorySupport.java:559)
	at java.util.stream.ReferencePipeline$3$1.accept(ReferencePipeline.java:193)
	at java.util.Iterator.forEachRemaining(Iterator.java:116)
	at java.util.Collections$UnmodifiableCollection$1.forEachRemaining(Collections.java:1049)
	at java.util.Spliterators$IteratorSpliterator.forEachRemaining(Spliterators.java:1801)
	at java.util.stream.AbstractPipeline.copyInto(AbstractPipeline.java:481)
	at java.util.stream.AbstractPipeline.wrapAndCopyInto(AbstractPipeline.java:471)
	at java.util.stream.ReduceOps$ReduceOp.evaluateSequential(ReduceOps.java:708)
	at java.util.stream.AbstractPipeline.evaluate(AbstractPipeline.java:234)
	at java.util.stream.ReferencePipeline.collect(ReferencePipeline.java:499)
	at org.springframework.data.repository.core.support.RepositoryFactorySupport$QueryExecutorMethodInterceptor.mapMethodsToQuery(RepositoryFactorySupport.java:561)
	at org.springframework.data.repository.core.support.RepositoryFactorySupport$QueryExecutorMethodInterceptor.lambda$new$0(RepositoryFactorySupport.java:551)
	at java.util.Optional.map(Optional.java:215)
	at org.springframework.data.repository.core.support.RepositoryFactorySupport$QueryExecutorMethodInterceptor.<init>(RepositoryFactorySupport.java:551)
	at org.springframework.data.repository.core.support.RepositoryFactorySupport.getRepository(RepositoryFactorySupport.java:324)
	at org.springframework.data.repository.core.support.RepositoryFactoryBeanSupport.lambda$afterPropertiesSet$5(RepositoryFactoryBeanSupport.java:297)
	at org.springframework.data.util.Lazy.getNullable(Lazy.java:211)
	at org.springframework.data.util.Lazy.get(Lazy.java:94)
	at org.springframework.data.repository.core.support.RepositoryFactoryBeanSupport.afterPropertiesSet(RepositoryFactoryBeanSupport.java:300)
	at org.springframework.data.jpa.repository.support.JpaRepositoryFactoryBean.afterPropertiesSet(JpaRepositoryFactoryBean.java:121)
	at org.springframework.beans.factory.support.AbstractAutowireCapableBeanFactory.invokeInitMethods(AbstractAutowireCapableBeanFactory.java:1837)
	at org.springframework.beans.factory.support.AbstractAutowireCapableBeanFactory.initializeBean(AbstractAutowireCapableBeanFactory.java:1774)
	... 42 common frames omitted
Caused by: java.lang.IllegalArgumentException: org.hibernate.QueryException: could not resolve property: montantPaye of: ma.munisys.entities.Facture [select sum(f.montantPaye) from ma.munisys.entities.Facture f where f.contrat.numContrat =:x and YEAR(f.dateEnregistrement) =:y]
	at org.hibernate.internal.ExceptionConverterImpl.convert(ExceptionConverterImpl.java:138)
	at org.hibernate.internal.ExceptionConverterImpl.convert(ExceptionConverterImpl.java:181)
	at org.hibernate.internal.ExceptionConverterImpl.convert(ExceptionConverterImpl.java:188)
	at org.hibernate.internal.AbstractSharedSessionContract.createQuery(AbstractSharedSessionContract.java:729)
	at org.hibernate.internal.AbstractSessionImpl.createQuery(AbstractSessionImpl.java:23)
	at sun.reflect.GeneratedMethodAccessor60.invoke(Unknown Source)
	at sun.reflect.DelegatingMethodAccessorImpl.invoke(DelegatingMethodAccessorImpl.java:43)
	at java.lang.reflect.Method.invoke(Method.java:498)
	at org.springframework.orm.jpa.ExtendedEntityManagerCreator$ExtendedEntityManagerInvocationHandler.invoke(ExtendedEntityManagerCreator.java:350)
	at com.sun.proxy.$Proxy114.createQuery(Unknown Source)
	at org.springframework.data.jpa.repository.query.SimpleJpaQuery.validateQuery(SimpleJpaQuery.java:87)
	... 71 common frames omitted
Caused by: org.hibernate.QueryException: could not resolve property: montantPaye of: ma.munisys.entities.Facture [select sum(f.montantPaye) from ma.munisys.entities.Facture f where f.contrat.numContrat =:x and YEAR(f.dateEnregistrement) =:y]
	at org.hibernate.QueryException.generateQueryException(QueryException.java:120)
	at org.hibernate.QueryException.wrapWithQueryString(QueryException.java:103)
	at org.hibernate.hql.internal.ast.QueryTranslatorImpl.doCompile(QueryTranslatorImpl.java:219)
	at org.hibernate.hql.internal.ast.QueryTranslatorImpl.compile(QueryTranslatorImpl.java:143)
	at org.hibernate.engine.query.spi.HQLQueryPlan.<init>(HQLQueryPlan.java:119)
	at org.hibernate.engine.query.spi.HQLQueryPlan.<init>(HQLQueryPlan.java:80)
	at org.hibernate.engine.query.spi.QueryPlanCache.getHQLQueryPlan(QueryPlanCache.java:153)
	at org.hibernate.internal.AbstractSharedSessionContract.getQueryPlan(AbstractSharedSessionContract.java:611)
	at org.hibernate.internal.AbstractSharedSessionContract.createQuery(AbstractSharedSessionContract.java:720)
	... 78 common frames omitted
Caused by: org.hibernate.QueryException: could not resolve property: montantPaye of: ma.munisys.entities.Facture
	at org.hibernate.persister.entity.AbstractPropertyMapping.propertyException(AbstractPropertyMapping.java:73)
	at org.hibernate.persister.entity.AbstractPropertyMapping.toType(AbstractPropertyMapping.java:67)
	at org.hibernate.persister.entity.AbstractEntityPersister.toType(AbstractEntityPersister.java:2016)
	at org.hibernate.hql.internal.ast.tree.FromElementType.getPropertyType(FromElementType.java:397)
	at org.hibernate.hql.internal.ast.tree.FromElement.getPropertyType(FromElement.java:515)
	at org.hibernate.hql.internal.ast.tree.DotNode.getDataType(DotNode.java:682)
	at org.hibernate.hql.internal.ast.tree.DotNode.prepareLhs(DotNode.java:265)
	at org.hibernate.hql.internal.ast.tree.DotNode.resolve(DotNode.java:205)
	at org.hibernate.hql.internal.ast.HqlSqlWalker.resolve(HqlSqlWalker.java:1045)
	at org.hibernate.hql.internal.antlr.HqlSqlBaseWalker.expr(HqlSqlBaseWalker.java:1290)
	at org.hibernate.hql.internal.antlr.HqlSqlBaseWalker.aggregateExpr(HqlSqlBaseWalker.java:3529)
	at org.hibernate.hql.internal.antlr.HqlSqlBaseWalker.functionCall(HqlSqlBaseWalker.java:2813)
	at org.hibernate.hql.internal.antlr.HqlSqlBaseWalker.selectExpr(HqlSqlBaseWalker.java:2374)
	at org.hibernate.hql.internal.antlr.HqlSqlBaseWalker.selectExprList(HqlSqlBaseWalker.java:2232)
	at org.hibernate.hql.internal.antlr.HqlSqlBaseWalker.selectClause(HqlSqlBaseWalker.java:1503)
	at org.hibernate.hql.internal.antlr.HqlSqlBaseWalker.query(HqlSqlBaseWalker.java:585)
	at org.hibernate.hql.internal.antlr.HqlSqlBaseWalker.selectStatement(HqlSqlBaseWalker.java:313)
	at org.hibernate.hql.internal.antlr.HqlSqlBaseWalker.statement(HqlSqlBaseWalker.java:261)
	at org.hibernate.hql.internal.ast.QueryTranslatorImpl.analyze(QueryTranslatorImpl.java:271)
	at org.hibernate.hql.internal.ast.QueryTranslatorImpl.doCompile(QueryTranslatorImpl.java:191)
	... 84 common frames omitted
